The system is: Linux - 5.15.0-69-generic - x86_64
Compiling the C compiler identification source file "CMakeCCompilerId.c" succeeded.
Compiler: /usr/bin/riscv64-linux-gnu-gcc 
Build flags: 
Id flags:  

The output was:
0


Compilation of the C compiler identification source "CMakeCCompilerId.c" produced "a.out"

The C compiler identification is GNU, found in "/home/ustc/desktop1/myos1/2024a-rcore/os/build/CMakeFiles/3.22.1/CompilerIdC/a.out"

Detecting C compiler ABI info compiled with the following output:
Change Dir: /home/ustc/desktop1/myos1/2024a-rcore/os/build/CMakeFiles/CMakeTmp

Run Build Command(s):/usr/bin/ninja cmTC_2a233 && [1/2] Building C object CMakeFiles/cmTC_2a233.dir/CMakeCCompilerABI.c.o
Using built-in specs.
COLLECT_GCC=/usr/bin/riscv64-linux-gnu-gcc
Target: riscv64-linux-gnu
Configured with: ../src/configure -v --with-pkgversion='Ubuntu 11.4.0-1ubuntu1~22.04' --with-bugurl=file:///usr/share/doc/gcc-11/README.Bugs --enable-languages=c,ada,c++,go,d,fortran,objc,obj-c++,m2 --prefix=/usr --with-gcc-major-version-only --program-suffix=-11 --enable-shared --enable-linker-build-id --libexecdir=/usr/lib --without-included-gettext --enable-threads=posix --libdir=/usr/lib --enable-nls --with-sysroot=/ --enable-clocale=gnu --enable-libstdcxx-debug --enable-libstdcxx-time=yes --with-default-libstdcxx-abi=new --enable-gnu-unique-object --disable-libitm --disable-libquadmath --disable-libquadmath-support --enable-plugin --enable-default-pie --with-system-zlib --enable-libphobos-checking=release --without-target-system-zlib --enable-multiarch --disable-werror --disable-multilib --with-arch=rv64gc --with-abi=lp64d --enable-checking=release --build=x86_64-linux-gnu --host=x86_64-linux-gnu --target=riscv64-linux-gnu --program-prefix=riscv64-linux-gnu- --includedir=/usr/riscv64-linux-gnu/include --with-build-config=bootstrap-lto-lean --enable-link-serialization=2
Thread model: posix
Supported LTO compression algorithms: zlib zstd
gcc version 11.4.0 (Ubuntu 11.4.0-1ubuntu1~22.04) 
COLLECT_GCC_OPTIONS='-v' '-o' 'CMakeFiles/cmTC_2a233.dir/CMakeCCompilerABI.c.o' '-c' '-march=rv64imafdc' '-mabi=lp64d' '-misa-spec=2.2' '-march=rv64imafdc' '-dumpdir' 'CMakeFiles/cmTC_2a233.dir/'
 /usr/lib/gcc-cross/riscv64-linux-gnu/11/cc1 -quiet -v -imultilib . -imultiarch riscv64-linux-gnu /usr/share/cmake-3.22/Modules/CMakeCCompilerABI.c -quiet -dumpdir CMakeFiles/cmTC_2a233.dir/ -dumpbase CMakeCCompilerABI.c.c -dumpbase-ext .c -march=rv64imafdc -mabi=lp64d -misa-spec=2.2 -march=rv64imafdc -version -fstack-protector-strong -Wformat -Wformat-security -o /tmp/ccWtNKYF.s
GNU C17 (Ubuntu 11.4.0-1ubuntu1~22.04) version 11.4.0 (riscv64-linux-gnu)
	compiled by GNU C version 11.4.0, GMP version 6.2.1, MPFR version 4.1.0, MPC version 1.2.1, isl version isl-0.24-GMP

GGC heuristics: --param ggc-min-expand=100 --param ggc-min-heapsize=131072
ignoring nonexistent directory "/usr/local/include/riscv64-linux-gnu"
ignoring nonexistent directory "/usr/lib/gcc-cross/riscv64-linux-gnu/11/include-fixed"
ignoring nonexistent directory "/usr/include/riscv64-linux-gnu"
#include "..." search starts here:
#include <...> search starts here:
 /usr/lib/gcc-cross/riscv64-linux-gnu/11/include
 /usr/lib/gcc-cross/riscv64-linux-gnu/11/../../../../riscv64-linux-gnu/include
 /usr/include
End of search list.
GNU C17 (Ubuntu 11.4.0-1ubuntu1~22.04) version 11.4.0 (riscv64-linux-gnu)
	compiled by GNU C version 11.4.0, GMP version 6.2.1, MPFR version 4.1.0, MPC version 1.2.1, isl version isl-0.24-GMP

GGC heuristics: --param ggc-min-expand=100 --param ggc-min-heapsize=131072
Compiler executable checksum: 0c7080d8b21e3833ed5e5ca6a36e32fd
COLLECT_GCC_OPTIONS='-v' '-o' 'CMakeFiles/cmTC_2a233.dir/CMakeCCompilerABI.c.o' '-c' '-march=rv64imafdc' '-mabi=lp64d' '-misa-spec=2.2' '-march=rv64imafdc' '-dumpdir' 'CMakeFiles/cmTC_2a233.dir/'
 /usr/lib/gcc-cross/riscv64-linux-gnu/11/../../../../riscv64-linux-gnu/bin/as -v --traditional-format -fpic -march=rv64imafdc -march=rv64imafdc -mabi=lp64d -misa-spec=2.2 -o CMakeFiles/cmTC_2a233.dir/CMakeCCompilerABI.c.o /tmp/ccWtNKYF.s
GNU assembler version 2.38 (riscv64-linux-gnu) using BFD version (GNU Binutils for Ubuntu) 2.38
COMPILER_PATH=/usr/lib/gcc-cross/riscv64-linux-gnu/11/:/usr/lib/gcc-cross/riscv64-linux-gnu/11/:/usr/lib/gcc-cross/riscv64-linux-gnu/:/usr/lib/gcc-cross/riscv64-linux-gnu/11/:/usr/lib/gcc-cross/riscv64-linux-gnu/:/usr/lib/gcc-cross/riscv64-linux-gnu/11/../../../../riscv64-linux-gnu/bin/
LIBRARY_PATH=/usr/lib/gcc-cross/riscv64-linux-gnu/11/:/usr/lib/gcc-cross/riscv64-linux-gnu/11/../../../../riscv64-linux-gnu/lib/:/lib/riscv64-linux-gnu/:/lib/:/usr/lib/riscv64-linux-gnu/:/usr/lib/
COLLECT_GCC_OPTIONS='-v' '-o' 'CMakeFiles/cmTC_2a233.dir/CMakeCCompilerABI.c.o' '-c' '-march=rv64imafdc' '-mabi=lp64d' '-misa-spec=2.2' '-march=rv64imafdc' '-dumpdir' 'CMakeFiles/cmTC_2a233.dir/CMakeCCompilerABI.c.'
[2/2] Linking C executable cmTC_2a233
Using built-in specs.
COLLECT_GCC=/usr/bin/riscv64-linux-gnu-gcc
COLLECT_LTO_WRAPPER=/usr/lib/gcc-cross/riscv64-linux-gnu/11/lto-wrapper
Target: riscv64-linux-gnu
Configured with: ../src/configure -v --with-pkgversion='Ubuntu 11.4.0-1ubuntu1~22.04' --with-bugurl=file:///usr/share/doc/gcc-11/README.Bugs --enable-languages=c,ada,c++,go,d,fortran,objc,obj-c++,m2 --prefix=/usr --with-gcc-major-version-only --program-suffix=-11 --enable-shared --enable-linker-build-id --libexecdir=/usr/lib --without-included-gettext --enable-threads=posix --libdir=/usr/lib --enable-nls --with-sysroot=/ --enable-clocale=gnu --enable-libstdcxx-debug --enable-libstdcxx-time=yes --with-default-libstdcxx-abi=new --enable-gnu-unique-object --disable-libitm --disable-libquadmath --disable-libquadmath-support --enable-plugin --enable-default-pie --with-system-zlib --enable-libphobos-checking=release --without-target-system-zlib --enable-multiarch --disable-werror --disable-multilib --with-arch=rv64gc --with-abi=lp64d --enable-checking=release --build=x86_64-linux-gnu --host=x86_64-linux-gnu --target=riscv64-linux-gnu --program-prefix=riscv64-linux-gnu- --includedir=/usr/riscv64-linux-gnu/include --with-build-config=bootstrap-lto-lean --enable-link-serialization=2
Thread model: posix
Supported LTO compression algorithms: zlib zstd
gcc version 11.4.0 (Ubuntu 11.4.0-1ubuntu1~22.04) 
COMPILER_PATH=/usr/lib/gcc-cross/riscv64-linux-gnu/11/:/usr/lib/gcc-cross/riscv64-linux-gnu/11/:/usr/lib/gcc-cross/riscv64-linux-gnu/:/usr/lib/gcc-cross/riscv64-linux-gnu/11/:/usr/lib/gcc-cross/riscv64-linux-gnu/:/usr/lib/gcc-cross/riscv64-linux-gnu/11/../../../../riscv64-linux-gnu/bin/
LIBRARY_PATH=/usr/lib/gcc-cross/riscv64-linux-gnu/11/:/usr/lib/gcc-cross/riscv64-linux-gnu/11/../../../../riscv64-linux-gnu/lib/:/lib/riscv64-linux-gnu/:/lib/:/usr/lib/riscv64-linux-gnu/:/usr/lib/
COLLECT_GCC_OPTIONS='-v' '-rdynamic' '-o' 'cmTC_2a233' '-march=rv64imafdc' '-mabi=lp64d' '-misa-spec=2.2' '-march=rv64imafdc' '-dumpdir' 'cmTC_2a233.'
 /usr/lib/gcc-cross/riscv64-linux-gnu/11/collect2 -plugin /usr/lib/gcc-cross/riscv64-linux-gnu/11/liblto_plugin.so -plugin-opt=/usr/lib/gcc-cross/riscv64-linux-gnu/11/lto-wrapper -plugin-opt=-fresolution=/tmp/ccrClers.res -plugin-opt=-pass-through=-lgcc -plugin-opt=-pass-through=-lgcc_s -plugin-opt=-pass-through=-lc -plugin-opt=-pass-through=-lgcc -plugin-opt=-pass-through=-lgcc_s --sysroot=/ --build-id --eh-frame-hdr -hash-style=gnu --as-needed -melf64lriscv -export-dynamic -dynamic-linker /lib/ld-linux-riscv64-lp64d.so.1 -pie -z now -z relro -o cmTC_2a233 /usr/lib/gcc-cross/riscv64-linux-gnu/11/../../../../riscv64-linux-gnu/lib/Scrt1.o /usr/lib/gcc-cross/riscv64-linux-gnu/11/crti.o /usr/lib/gcc-cross/riscv64-linux-gnu/11/crtbeginS.o -L/usr/lib/gcc-cross/riscv64-linux-gnu/11 -L/usr/lib/gcc-cross/riscv64-linux-gnu/11/../../../../riscv64-linux-gnu/lib -L/lib/riscv64-linux-gnu -L/usr/lib/riscv64-linux-gnu CMakeFiles/cmTC_2a233.dir/CMakeCCompilerABI.c.o -lgcc --push-state --as-needed -lgcc_s --pop-state -lc -lgcc --push-state --as-needed -lgcc_s --pop-state /usr/lib/gcc-cross/riscv64-linux-gnu/11/crtendS.o /usr/lib/gcc-cross/riscv64-linux-gnu/11/crtn.o
COLLECT_GCC_OPTIONS='-v' '-rdynamic' '-o' 'cmTC_2a233' '-march=rv64imafdc' '-mabi=lp64d' '-misa-spec=2.2' '-march=rv64imafdc' '-dumpdir' 'cmTC_2a233.'



Parsed C implicit include dir info from above output: rv=done
  found start of include info
  found start of implicit include info
    add: [/usr/lib/gcc-cross/riscv64-linux-gnu/11/include]
    add: [/usr/lib/gcc-cross/riscv64-linux-gnu/11/../../../../riscv64-linux-gnu/include]
    add: [/usr/include]
  end of search list found
  collapse include dir [/usr/lib/gcc-cross/riscv64-linux-gnu/11/include] ==> [/usr/lib/gcc-cross/riscv64-linux-gnu/11/include]
  collapse include dir [/usr/lib/gcc-cross/riscv64-linux-gnu/11/../../../../riscv64-linux-gnu/include] ==> [/usr/riscv64-linux-gnu/include]
  collapse include dir [/usr/include] ==> [/usr/include]
  implicit include dirs: [/usr/lib/gcc-cross/riscv64-linux-gnu/11/include;/usr/riscv64-linux-gnu/include;/usr/include]


Parsed C implicit link information from above output:
  link line regex: [^( *|.*[/\])(riscv64-linux-gnu-ld|CMAKE_LINK_STARTFILE-NOTFOUND|([^/\]+-)?ld|collect2)[^/\]*( |$)]
  ignore line: [Change Dir: /home/ustc/desktop1/myos1/2024a-rcore/os/build/CMakeFiles/CMakeTmp]
  ignore line: []
  ignore line: [Run Build Command(s):/usr/bin/ninja cmTC_2a233 && [1/2] Building C object CMakeFiles/cmTC_2a233.dir/CMakeCCompilerABI.c.o]
  ignore line: [Using built-in specs.]
  ignore line: [COLLECT_GCC=/usr/bin/riscv64-linux-gnu-gcc]
  ignore line: [Target: riscv64-linux-gnu]
  ignore line: [Configured with: ../src/configure -v --with-pkgversion='Ubuntu 11.4.0-1ubuntu1~22.04' --with-bugurl=file:///usr/share/doc/gcc-11/README.Bugs --enable-languages=c ada c++ go d fortran objc obj-c++ m2 --prefix=/usr --with-gcc-major-version-only --program-suffix=-11 --enable-shared --enable-linker-build-id --libexecdir=/usr/lib --without-included-gettext --enable-threads=posix --libdir=/usr/lib --enable-nls --with-sysroot=/ --enable-clocale=gnu --enable-libstdcxx-debug --enable-libstdcxx-time=yes --with-default-libstdcxx-abi=new --enable-gnu-unique-object --disable-libitm --disable-libquadmath --disable-libquadmath-support --enable-plugin --enable-default-pie --with-system-zlib --enable-libphobos-checking=release --without-target-system-zlib --enable-multiarch --disable-werror --disable-multilib --with-arch=rv64gc --with-abi=lp64d --enable-checking=release --build=x86_64-linux-gnu --host=x86_64-linux-gnu --target=riscv64-linux-gnu --program-prefix=riscv64-linux-gnu- --includedir=/usr/riscv64-linux-gnu/include --with-build-config=bootstrap-lto-lean --enable-link-serialization=2]
  ignore line: [Thread model: posix]
  ignore line: [Supported LTO compression algorithms: zlib zstd]
  ignore line: [gcc version 11.4.0 (Ubuntu 11.4.0-1ubuntu1~22.04) ]
  ignore line: [COLLECT_GCC_OPTIONS='-v' '-o' 'CMakeFiles/cmTC_2a233.dir/CMakeCCompilerABI.c.o' '-c' '-march=rv64imafdc' '-mabi=lp64d' '-misa-spec=2.2' '-march=rv64imafdc' '-dumpdir' 'CMakeFiles/cmTC_2a233.dir/']
  ignore line: [ /usr/lib/gcc-cross/riscv64-linux-gnu/11/cc1 -quiet -v -imultilib . -imultiarch riscv64-linux-gnu /usr/share/cmake-3.22/Modules/CMakeCCompilerABI.c -quiet -dumpdir CMakeFiles/cmTC_2a233.dir/ -dumpbase CMakeCCompilerABI.c.c -dumpbase-ext .c -march=rv64imafdc -mabi=lp64d -misa-spec=2.2 -march=rv64imafdc -version -fstack-protector-strong -Wformat -Wformat-security -o /tmp/ccWtNKYF.s]
  ignore line: [GNU C17 (Ubuntu 11.4.0-1ubuntu1~22.04) version 11.4.0 (riscv64-linux-gnu)]
  ignore line: [	compiled by GNU C version 11.4.0  GMP version 6.2.1  MPFR version 4.1.0  MPC version 1.2.1  isl version isl-0.24-GMP]
  ignore line: []
  ignore line: [GGC heuristics: --param ggc-min-expand=100 --param ggc-min-heapsize=131072]
  ignore line: [ignoring nonexistent directory "/usr/local/include/riscv64-linux-gnu"]
  ignore line: [ignoring nonexistent directory "/usr/lib/gcc-cross/riscv64-linux-gnu/11/include-fixed"]
  ignore line: [ignoring nonexistent directory "/usr/include/riscv64-linux-gnu"]
  ignore line: [#include "..." search starts here:]
  ignore line: [#include <...> search starts here:]
  ignore line: [ /usr/lib/gcc-cross/riscv64-linux-gnu/11/include]
  ignore line: [ /usr/lib/gcc-cross/riscv64-linux-gnu/11/../../../../riscv64-linux-gnu/include]
  ignore line: [ /usr/include]
  ignore line: [End of search list.]
  ignore line: [GNU C17 (Ubuntu 11.4.0-1ubuntu1~22.04) version 11.4.0 (riscv64-linux-gnu)]
  ignore line: [	compiled by GNU C version 11.4.0  GMP version 6.2.1  MPFR version 4.1.0  MPC version 1.2.1  isl version isl-0.24-GMP]
  ignore line: []
  ignore line: [GGC heuristics: --param ggc-min-expand=100 --param ggc-min-heapsize=131072]
  ignore line: [Compiler executable checksum: 0c7080d8b21e3833ed5e5ca6a36e32fd]
  ignore line: [COLLECT_GCC_OPTIONS='-v' '-o' 'CMakeFiles/cmTC_2a233.dir/CMakeCCompilerABI.c.o' '-c' '-march=rv64imafdc' '-mabi=lp64d' '-misa-spec=2.2' '-march=rv64imafdc' '-dumpdir' 'CMakeFiles/cmTC_2a233.dir/']
  ignore line: [ /usr/lib/gcc-cross/riscv64-linux-gnu/11/../../../../riscv64-linux-gnu/bin/as -v --traditional-format -fpic -march=rv64imafdc -march=rv64imafdc -mabi=lp64d -misa-spec=2.2 -o CMakeFiles/cmTC_2a233.dir/CMakeCCompilerABI.c.o /tmp/ccWtNKYF.s]
  ignore line: [GNU assembler version 2.38 (riscv64-linux-gnu) using BFD version (GNU Binutils for Ubuntu) 2.38]
  ignore line: [COMPILER_PATH=/usr/lib/gcc-cross/riscv64-linux-gnu/11/:/usr/lib/gcc-cross/riscv64-linux-gnu/11/:/usr/lib/gcc-cross/riscv64-linux-gnu/:/usr/lib/gcc-cross/riscv64-linux-gnu/11/:/usr/lib/gcc-cross/riscv64-linux-gnu/:/usr/lib/gcc-cross/riscv64-linux-gnu/11/../../../../riscv64-linux-gnu/bin/]
  ignore line: [LIBRARY_PATH=/usr/lib/gcc-cross/riscv64-linux-gnu/11/:/usr/lib/gcc-cross/riscv64-linux-gnu/11/../../../../riscv64-linux-gnu/lib/:/lib/riscv64-linux-gnu/:/lib/:/usr/lib/riscv64-linux-gnu/:/usr/lib/]
  ignore line: [COLLECT_GCC_OPTIONS='-v' '-o' 'CMakeFiles/cmTC_2a233.dir/CMakeCCompilerABI.c.o' '-c' '-march=rv64imafdc' '-mabi=lp64d' '-misa-spec=2.2' '-march=rv64imafdc' '-dumpdir' 'CMakeFiles/cmTC_2a233.dir/CMakeCCompilerABI.c.']
  ignore line: [[2/2] Linking C executable cmTC_2a233]
  ignore line: [Using built-in specs.]
  ignore line: [COLLECT_GCC=/usr/bin/riscv64-linux-gnu-gcc]
  ignore line: [COLLECT_LTO_WRAPPER=/usr/lib/gcc-cross/riscv64-linux-gnu/11/lto-wrapper]
  ignore line: [Target: riscv64-linux-gnu]
  ignore line: [Configured with: ../src/configure -v --with-pkgversion='Ubuntu 11.4.0-1ubuntu1~22.04' --with-bugurl=file:///usr/share/doc/gcc-11/README.Bugs --enable-languages=c ada c++ go d fortran objc obj-c++ m2 --prefix=/usr --with-gcc-major-version-only --program-suffix=-11 --enable-shared --enable-linker-build-id --libexecdir=/usr/lib --without-included-gettext --enable-threads=posix --libdir=/usr/lib --enable-nls --with-sysroot=/ --enable-clocale=gnu --enable-libstdcxx-debug --enable-libstdcxx-time=yes --with-default-libstdcxx-abi=new --enable-gnu-unique-object --disable-libitm --disable-libquadmath --disable-libquadmath-support --enable-plugin --enable-default-pie --with-system-zlib --enable-libphobos-checking=release --without-target-system-zlib --enable-multiarch --disable-werror --disable-multilib --with-arch=rv64gc --with-abi=lp64d --enable-checking=release --build=x86_64-linux-gnu --host=x86_64-linux-gnu --target=riscv64-linux-gnu --program-prefix=riscv64-linux-gnu- --includedir=/usr/riscv64-linux-gnu/include --with-build-config=bootstrap-lto-lean --enable-link-serialization=2]
  ignore line: [Thread model: posix]
  ignore line: [Supported LTO compression algorithms: zlib zstd]
  ignore line: [gcc version 11.4.0 (Ubuntu 11.4.0-1ubuntu1~22.04) ]
  ignore line: [COMPILER_PATH=/usr/lib/gcc-cross/riscv64-linux-gnu/11/:/usr/lib/gcc-cross/riscv64-linux-gnu/11/:/usr/lib/gcc-cross/riscv64-linux-gnu/:/usr/lib/gcc-cross/riscv64-linux-gnu/11/:/usr/lib/gcc-cross/riscv64-linux-gnu/:/usr/lib/gcc-cross/riscv64-linux-gnu/11/../../../../riscv64-linux-gnu/bin/]
  ignore line: [LIBRARY_PATH=/usr/lib/gcc-cross/riscv64-linux-gnu/11/:/usr/lib/gcc-cross/riscv64-linux-gnu/11/../../../../riscv64-linux-gnu/lib/:/lib/riscv64-linux-gnu/:/lib/:/usr/lib/riscv64-linux-gnu/:/usr/lib/]
  ignore line: [COLLECT_GCC_OPTIONS='-v' '-rdynamic' '-o' 'cmTC_2a233' '-march=rv64imafdc' '-mabi=lp64d' '-misa-spec=2.2' '-march=rv64imafdc' '-dumpdir' 'cmTC_2a233.']
  link line: [ /usr/lib/gcc-cross/riscv64-linux-gnu/11/collect2 -plugin /usr/lib/gcc-cross/riscv64-linux-gnu/11/liblto_plugin.so -plugin-opt=/usr/lib/gcc-cross/riscv64-linux-gnu/11/lto-wrapper -plugin-opt=-fresolution=/tmp/ccrClers.res -plugin-opt=-pass-through=-lgcc -plugin-opt=-pass-through=-lgcc_s -plugin-opt=-pass-through=-lc -plugin-opt=-pass-through=-lgcc -plugin-opt=-pass-through=-lgcc_s --sysroot=/ --build-id --eh-frame-hdr -hash-style=gnu --as-needed -melf64lriscv -export-dynamic -dynamic-linker /lib/ld-linux-riscv64-lp64d.so.1 -pie -z now -z relro -o cmTC_2a233 /usr/lib/gcc-cross/riscv64-linux-gnu/11/../../../../riscv64-linux-gnu/lib/Scrt1.o /usr/lib/gcc-cross/riscv64-linux-gnu/11/crti.o /usr/lib/gcc-cross/riscv64-linux-gnu/11/crtbeginS.o -L/usr/lib/gcc-cross/riscv64-linux-gnu/11 -L/usr/lib/gcc-cross/riscv64-linux-gnu/11/../../../../riscv64-linux-gnu/lib -L/lib/riscv64-linux-gnu -L/usr/lib/riscv64-linux-gnu CMakeFiles/cmTC_2a233.dir/CMakeCCompilerABI.c.o -lgcc --push-state --as-needed -lgcc_s --pop-state -lc -lgcc --push-state --as-needed -lgcc_s --pop-state /usr/lib/gcc-cross/riscv64-linux-gnu/11/crtendS.o /usr/lib/gcc-cross/riscv64-linux-gnu/11/crtn.o]
    arg [/usr/lib/gcc-cross/riscv64-linux-gnu/11/collect2] ==> ignore
    arg [-plugin] ==> ignore
    arg [/usr/lib/gcc-cross/riscv64-linux-gnu/11/liblto_plugin.so] ==> ignore
    arg [-plugin-opt=/usr/lib/gcc-cross/riscv64-linux-gnu/11/lto-wrapper] ==> ignore
    arg [-plugin-opt=-fresolution=/tmp/ccrClers.res] ==> ignore
    arg [-plugin-opt=-pass-through=-lgcc] ==> ignore
    arg [-plugin-opt=-pass-through=-lgcc_s] ==> ignore
    arg [-plugin-opt=-pass-through=-lc] ==> ignore
    arg [-plugin-opt=-pass-through=-lgcc] ==> ignore
    arg [-plugin-opt=-pass-through=-lgcc_s] ==> ignore
    arg [--sysroot=/] ==> ignore
    arg [--build-id] ==> ignore
    arg [--eh-frame-hdr] ==> ignore
    arg [-hash-style=gnu] ==> ignore
    arg [--as-needed] ==> ignore
    arg [-melf64lriscv] ==> ignore
    arg [-export-dynamic] ==> ignore
    arg [-dynamic-linker] ==> ignore
    arg [/lib/ld-linux-riscv64-lp64d.so.1] ==> ignore
    arg [-pie] ==> ignore
    arg [-znow] ==> ignore
    arg [-zrelro] ==> ignore
    arg [-o] ==> ignore
    arg [cmTC_2a233] ==> ignore
    arg [/usr/lib/gcc-cross/riscv64-linux-gnu/11/../../../../riscv64-linux-gnu/lib/Scrt1.o] ==> obj [/usr/lib/gcc-cross/riscv64-linux-gnu/11/../../../../riscv64-linux-gnu/lib/Scrt1.o]
    arg [/usr/lib/gcc-cross/riscv64-linux-gnu/11/crti.o] ==> obj [/usr/lib/gcc-cross/riscv64-linux-gnu/11/crti.o]
    arg [/usr/lib/gcc-cross/riscv64-linux-gnu/11/crtbeginS.o] ==> obj [/usr/lib/gcc-cross/riscv64-linux-gnu/11/crtbeginS.o]
    arg [-L/usr/lib/gcc-cross/riscv64-linux-gnu/11] ==> dir [/usr/lib/gcc-cross/riscv64-linux-gnu/11]
    arg [-L/usr/lib/gcc-cross/riscv64-linux-gnu/11/../../../../riscv64-linux-gnu/lib] ==> dir [/usr/lib/gcc-cross/riscv64-linux-gnu/11/../../../../riscv64-linux-gnu/lib]
    arg [-L/lib/riscv64-linux-gnu] ==> dir [/lib/riscv64-linux-gnu]
    arg [-L/usr/lib/riscv64-linux-gnu] ==> dir [/usr/lib/riscv64-linux-gnu]
    arg [CMakeFiles/cmTC_2a233.dir/CMakeCCompilerABI.c.o] ==> ignore
    arg [-lgcc] ==> lib [gcc]
    arg [--push-state] ==> ignore
    arg [--as-needed] ==> ignore
    arg [-lgcc_s] ==> lib [gcc_s]
    arg [--pop-state] ==> ignore
    arg [-lc] ==> lib [c]
    arg [-lgcc] ==> lib [gcc]
    arg [--push-state] ==> ignore
    arg [--as-needed] ==> ignore
    arg [-lgcc_s] ==> lib [gcc_s]
    arg [--pop-state] ==> ignore
    arg [/usr/lib/gcc-cross/riscv64-linux-gnu/11/crtendS.o] ==> obj [/usr/lib/gcc-cross/riscv64-linux-gnu/11/crtendS.o]
    arg [/usr/lib/gcc-cross/riscv64-linux-gnu/11/crtn.o] ==> obj [/usr/lib/gcc-cross/riscv64-linux-gnu/11/crtn.o]
  collapse obj [/usr/lib/gcc-cross/riscv64-linux-gnu/11/../../../../riscv64-linux-gnu/lib/Scrt1.o] ==> [/usr/riscv64-linux-gnu/lib/Scrt1.o]
  collapse library dir [/usr/lib/gcc-cross/riscv64-linux-gnu/11] ==> [/usr/lib/gcc-cross/riscv64-linux-gnu/11]
  collapse library dir [/usr/lib/gcc-cross/riscv64-linux-gnu/11/../../../../riscv64-linux-gnu/lib] ==> [/usr/riscv64-linux-gnu/lib]
  collapse library dir [/lib/riscv64-linux-gnu] ==> [/lib/riscv64-linux-gnu]
  collapse library dir [/usr/lib/riscv64-linux-gnu] ==> [/usr/lib/riscv64-linux-gnu]
  implicit libs: [gcc;gcc_s;c;gcc;gcc_s]
  implicit objs: [/usr/riscv64-linux-gnu/lib/Scrt1.o;/usr/lib/gcc-cross/riscv64-linux-gnu/11/crti.o;/usr/lib/gcc-cross/riscv64-linux-gnu/11/crtbeginS.o;/usr/lib/gcc-cross/riscv64-linux-gnu/11/crtendS.o;/usr/lib/gcc-cross/riscv64-linux-gnu/11/crtn.o]
  implicit dirs: [/usr/lib/gcc-cross/riscv64-linux-gnu/11;/usr/riscv64-linux-gnu/lib;/lib/riscv64-linux-gnu;/usr/lib/riscv64-linux-gnu]
  implicit fwks: []


